<?xml version="1.0" encoding="UTF-8"?>
<robot generator="Robot 4.0.2 (Python 3.9.1 on win32)" generated="20210625 11:29:34.670" rpa="false" schemaversion="2">
<suite id="s1" name="Tests" source="C:\TCC\vendas\tests\tests.robot">
<test id="s1-t1" name="Faturaramento interno e interestadual para PF e PJ, com produto com diferentes CSTs e CSOSNs">
<kw name="Abrir navegador" library="helpers">
<kw name="Open Browser" library="SeleniumLibrary">
<arg>${urlPR}</arg>
<arg>${BROWSER}</arg>
<doc>Opens a new browser instance to the optional ``url``.</doc>
<msg timestamp="20210625 11:29:35.312" level="INFO">Opening browser 'edge' to base url 'https://app.hiper.com.br/login-auto-hotsite/?admin=true&amp;token=3518FCAD-8A6B-4581-8772-9B5D2B535767'.</msg>
<status status="PASS" starttime="20210625 11:29:35.311" endtime="20210625 11:29:40.811"/>
</kw>
<kw name="Wait Until Element Is Visible" library="SeleniumLibrary">
<arg>css=.first-layout</arg>
<doc>Waits until the element ``locator`` is visible.</doc>
<status status="PASS" starttime="20210625 11:29:40.812" endtime="20210625 11:29:40.828"/>
</kw>
<kw name="Maximize Browser Window" library="SeleniumLibrary">
<doc>Maximizes current browser window.</doc>
<status status="PASS" starttime="20210625 11:29:40.828" endtime="20210625 11:29:40.947"/>
</kw>
<status status="PASS" starttime="20210625 11:29:35.311" endtime="20210625 11:29:40.947"/>
</kw>
<kw name="Acessa o menu faturamento" library="rotas">
<kw name="Go To" library="SeleniumLibrary">
<arg>https://app.hiper.com.br/operacoes/faturamento</arg>
<doc>Navigates the current browser window to the provided ``url``.</doc>
<msg timestamp="20210625 11:29:40.949" level="INFO">Opening url 'https://app.hiper.com.br/operacoes/faturamento'</msg>
<status status="PASS" starttime="20210625 11:29:40.948" endtime="20210625 11:29:43.418"/>
</kw>
<kw name="Wait Until Element Is Visible" library="SeleniumLibrary">
<arg>xpath=//p[contains(text(), "Finalizar venda")]</arg>
<arg>${timeToWait}</arg>
<doc>Waits until the element ``locator`` is visible.</doc>
<status status="PASS" starttime="20210625 11:29:43.418" endtime="20210625 11:29:43.440"/>
</kw>
<status status="PASS" starttime="20210625 11:29:40.948" endtime="20210625 11:29:43.440"/>
</kw>
<kw name="Conectar no banco de dados" library="dbConnection">
<kw name="Connect To Database" library="DatabaseLibrary">
<arg>pymssql</arg>
<arg>${gestaoProdução.name}</arg>
<arg>${gestaoProdução.user}</arg>
<arg>${gestaoProdução.password}</arg>
<arg>${gestaoProdução.host}</arg>
<arg>${gestaoProdução.port}</arg>
<doc>Loads the DB API 2.0 module given `dbapiModuleName` then uses it to
connect to the database using `dbName`, `dbUsername`, and `dbPassword`.</doc>
<msg timestamp="20210625 11:29:43.449" level="INFO">Connecting using : pymssql.connect(database=hiper, user=junior, password=Ak8SAZnnYUdARo1x, host=34.204.239.101, port=1433) </msg>
<msg timestamp="20210625 11:30:04.526" level="FAIL">OperationalError: (20009, b'DB-Lib error message 20009, severity 9:\nUnable to connect: Adaptive Server is unavailable or does not exist (34.204.239.101)\nNet-Lib error during Unknown error (10060)\nDB-Lib error message 20009, severity 9:\nUnable to connect: Adaptive Server is unavailable or does not exist (34.204.239.101)\nNet-Lib error during Unknown error (10060)\n')</msg>
<status status="FAIL" starttime="20210625 11:29:43.441" endtime="20210625 11:30:04.527"/>
</kw>
<status status="FAIL" starttime="20210625 11:29:43.441" endtime="20210625 11:30:04.527"/>
</kw>
<kw name="Faturamento interno para PF" library="faturamento">
<status status="NOT RUN" starttime="20210625 11:30:04.527" endtime="20210625 11:30:04.527"/>
</kw>
<kw name="Faturamento interestadual para PF" library="faturamento">
<status status="NOT RUN" starttime="20210625 11:30:04.528" endtime="20210625 11:30:04.528"/>
</kw>
<kw name="Faturamento interno para PJ" library="faturamento">
<status status="NOT RUN" starttime="20210625 11:30:04.528" endtime="20210625 11:30:04.528"/>
</kw>
<kw name="Faturamento interestadual para PJ" library="faturamento">
<status status="NOT RUN" starttime="20210625 11:30:04.528" endtime="20210625 11:30:04.528"/>
</kw>
<kw name="Desconectar do banco de dados" library="dbConnection">
<status status="NOT RUN" starttime="20210625 11:30:04.529" endtime="20210625 11:30:04.529"/>
</kw>
<kw name="Fechar navegador" library="helpers">
<status status="NOT RUN" starttime="20210625 11:30:04.529" endtime="20210625 11:30:04.529"/>
</kw>
<tag>faturar</tag>
<status status="FAIL" starttime="20210625 11:29:35.310" endtime="20210625 11:30:04.529">OperationalError: (20009, b'DB-Lib error message 20009, severity 9:\nUnable to connect: Adaptive Server is unavailable or does not exist (34.204.239.101)\nNet-Lib error during Unknown error (10060)\nDB-Lib error message 20009, severity 9:\nUnable to connect: Adaptive Server is unavailable or does not exist (34.204.239.101)\nNet-Lib error during Unknown error (10060)\n')</status>
</test>
<doc>Casos de teste do menu Vendas</doc>
<status status="FAIL" starttime="20210625 11:29:34.671" endtime="20210625 11:30:04.531"/>
</suite>
<statistics>
<total>
<stat pass="0" fail="1" skip="0">All Tests</stat>
</total>
<tag>
<stat pass="0" fail="1" skip="0">faturar</stat>
</tag>
<suite>
<stat pass="0" fail="1" skip="0" id="s1" name="Tests">Tests</stat>
</suite>
</statistics>
<errors>
</errors>
</robot>
